<?xml version="1.0" encoding="UTF-8"?>
<testng-results ignored="2" total="25" passed="23" failed="0" skipped="0">
  <reporter-output>
  </reporter-output>
  <suite started-at="2022-04-28T23:00:30 IST" name="Suite" finished-at="2022-04-28T23:01:26 IST" duration-ms="55297">
    <groups>
      <group name="reggretion">
        <method signature="Groups_Program.b()[pri:0, instance:Testng.Groups_Program@158da8e]" name="b" class="Testng.Groups_Program"/>
      </group> <!-- reggretion -->
      <group name="smoke">
        <method signature="Groups_Program.a()[pri:0, instance:Testng.Groups_Program@158da8e]" name="a" class="Testng.Groups_Program"/>
      </group> <!-- smoke -->
      <group name="sanity">
        <method signature="Annotations.testcase()[pri:0, instance:Testng.Annotations@694abbdc]" name="testcase" class="Testng.Annotations"/>
        <method signature="Groups_Program.c()[pri:0, instance:Testng.Groups_Program@158da8e]" name="c" class="Testng.Groups_Program"/>
      </group> <!-- sanity -->
      <group name="re-test">
        <method signature="Groups_Program.d()[pri:0, instance:Testng.Groups_Program@158da8e]" name="d" class="Testng.Groups_Program"/>
      </group> <!-- re-test -->
    </groups>
    <test started-at="2022-04-28T23:00:30 IST" name="Test" finished-at="2022-04-28T23:01:26 IST" duration-ms="55297">
      <class name="Testng.DataProvider_Program">
        <test-method is-config="true" signature="setup()[pri:0, instance:Testng.DataProvider_Program@6a192cfe]" started-at="2022-04-28T23:00:30 IST" name="setup" finished-at="2022-04-28T23:00:30 IST" duration-ms="0" status="PASS">
          <reporter-output>
          </reporter-output>
        </test-method> <!-- setup -->
        <test-method signature="testSearchCountry(java.lang.String)[pri:0, instance:Testng.DataProvider_Program@6a192cfe]" started-at="2022-04-28T23:00:30 IST" name="testSearchCountry" data-provider="myTest" finished-at="2022-04-28T23:00:40 IST" duration-ms="9661" status="PASS">
          <params>
            <param index="0">
              <value>
                <![CDATA[India]]>
              </value>
            </param>
          </params>
          <reporter-output>
          </reporter-output>
        </test-method> <!-- testSearchCountry -->
        <test-method is-config="true" signature="tearDown()[pri:0, instance:Testng.DataProvider_Program@6a192cfe]" started-at="2022-04-28T23:00:40 IST" name="tearDown" finished-at="2022-04-28T23:00:40 IST" duration-ms="176" status="PASS">
          <reporter-output>
          </reporter-output>
        </test-method> <!-- tearDown -->
        <test-method is-config="true" signature="setup()[pri:0, instance:Testng.DataProvider_Program@6a192cfe]" started-at="2022-04-28T23:00:40 IST" name="setup" finished-at="2022-04-28T23:00:40 IST" duration-ms="0" status="PASS">
          <reporter-output>
          </reporter-output>
        </test-method> <!-- setup -->
        <test-method signature="testSearchCountry(java.lang.String)[pri:0, instance:Testng.DataProvider_Program@6a192cfe]" started-at="2022-04-28T23:00:40 IST" name="testSearchCountry" data-provider="myTest" finished-at="2022-04-28T23:00:47 IST" duration-ms="7124" status="PASS">
          <params>
            <param index="0">
              <value>
                <![CDATA[Brazil]]>
              </value>
            </param>
          </params>
          <reporter-output>
          </reporter-output>
        </test-method> <!-- testSearchCountry -->
        <test-method is-config="true" signature="tearDown()[pri:0, instance:Testng.DataProvider_Program@6a192cfe]" started-at="2022-04-28T23:00:47 IST" name="tearDown" finished-at="2022-04-28T23:00:48 IST" duration-ms="346" status="PASS">
          <reporter-output>
          </reporter-output>
        </test-method> <!-- tearDown -->
        <test-method signature="testSearchCountry(java.lang.String)[pri:0, instance:Testng.DataProvider_Program@6a192cfe]" started-at="2022-04-28T23:00:48 IST" name="testSearchCountry" data-provider="myTest" finished-at="2022-04-28T23:00:55 IST" duration-ms="7255" status="PASS">
          <params>
            <param index="0">
              <value>
                <![CDATA[Canada]]>
              </value>
            </param>
          </params>
          <reporter-output>
          </reporter-output>
        </test-method> <!-- testSearchCountry -->
        <test-method is-config="true" signature="setup()[pri:0, instance:Testng.DataProvider_Program@6a192cfe]" started-at="2022-04-28T23:00:48 IST" name="setup" finished-at="2022-04-28T23:00:48 IST" duration-ms="0" status="PASS">
          <reporter-output>
          </reporter-output>
        </test-method> <!-- setup -->
        <test-method is-config="true" signature="tearDown()[pri:0, instance:Testng.DataProvider_Program@6a192cfe]" started-at="2022-04-28T23:00:55 IST" name="tearDown" finished-at="2022-04-28T23:00:55 IST" duration-ms="302" status="PASS">
          <reporter-output>
          </reporter-output>
        </test-method> <!-- tearDown -->
        <test-method signature="testSearchCountry(java.lang.String)[pri:0, instance:Testng.DataProvider_Program@6a192cfe]" started-at="2022-04-28T23:00:55 IST" name="testSearchCountry" data-provider="myTest" finished-at="2022-04-28T23:01:02 IST" duration-ms="6851" status="PASS">
          <params>
            <param index="0">
              <value>
                <![CDATA[Sri Lanka]]>
              </value>
            </param>
          </params>
          <reporter-output>
          </reporter-output>
        </test-method> <!-- testSearchCountry -->
        <test-method is-config="true" signature="setup()[pri:0, instance:Testng.DataProvider_Program@6a192cfe]" started-at="2022-04-28T23:00:55 IST" name="setup" finished-at="2022-04-28T23:00:55 IST" duration-ms="0" status="PASS">
          <reporter-output>
          </reporter-output>
        </test-method> <!-- setup -->
        <test-method is-config="true" signature="tearDown()[pri:0, instance:Testng.DataProvider_Program@6a192cfe]" started-at="2022-04-28T23:01:02 IST" name="tearDown" finished-at="2022-04-28T23:01:02 IST" duration-ms="257" status="PASS">
          <reporter-output>
          </reporter-output>
        </test-method> <!-- tearDown -->
        <test-method signature="testSearchCountry(java.lang.String)[pri:0, instance:Testng.DataProvider_Program@6a192cfe]" started-at="2022-04-28T23:01:02 IST" name="testSearchCountry" data-provider="myTest" finished-at="2022-04-28T23:01:09 IST" duration-ms="7109" status="PASS">
          <params>
            <param index="0">
              <value>
                <![CDATA[England]]>
              </value>
            </param>
          </params>
          <reporter-output>
          </reporter-output>
        </test-method> <!-- testSearchCountry -->
        <test-method is-config="true" signature="setup()[pri:0, instance:Testng.DataProvider_Program@6a192cfe]" started-at="2022-04-28T23:01:02 IST" name="setup" finished-at="2022-04-28T23:01:02 IST" duration-ms="0" status="PASS">
          <reporter-output>
          </reporter-output>
        </test-method> <!-- setup -->
        <test-method is-config="true" signature="tearDown()[pri:0, instance:Testng.DataProvider_Program@6a192cfe]" started-at="2022-04-28T23:01:09 IST" name="tearDown" finished-at="2022-04-28T23:01:10 IST" duration-ms="230" status="PASS">
          <reporter-output>
          </reporter-output>
        </test-method> <!-- tearDown -->
        <test-method signature="testSearchCountry(java.lang.String)[pri:0, instance:Testng.DataProvider_Program@6a192cfe]" started-at="2022-04-28T23:01:10 IST" name="testSearchCountry" data-provider="myTest" finished-at="2022-04-28T23:01:18 IST" duration-ms="7902" status="PASS">
          <params>
            <param index="0">
              <value>
                <![CDATA[United Kingdom]]>
              </value>
            </param>
          </params>
          <reporter-output>
          </reporter-output>
        </test-method> <!-- testSearchCountry -->
        <test-method is-config="true" signature="setup()[pri:0, instance:Testng.DataProvider_Program@6a192cfe]" started-at="2022-04-28T23:01:10 IST" name="setup" finished-at="2022-04-28T23:01:10 IST" duration-ms="0" status="PASS">
          <reporter-output>
          </reporter-output>
        </test-method> <!-- setup -->
        <test-method is-config="true" signature="tearDown()[pri:0, instance:Testng.DataProvider_Program@6a192cfe]" started-at="2022-04-28T23:01:18 IST" name="tearDown" finished-at="2022-04-28T23:01:18 IST" duration-ms="269" status="PASS">
          <reporter-output>
          </reporter-output>
        </test-method> <!-- tearDown -->
        <test-method signature="testSearchCountry(java.lang.String)[pri:0, instance:Testng.DataProvider_Program@6a192cfe]" started-at="2022-04-28T23:01:18 IST" name="testSearchCountry" data-provider="myTest" finished-at="2022-04-28T23:01:25 IST" duration-ms="7352" status="PASS">
          <params>
            <param index="0">
              <value>
                <![CDATA[United States]]>
              </value>
            </param>
          </params>
          <reporter-output>
          </reporter-output>
        </test-method> <!-- testSearchCountry -->
        <test-method is-config="true" signature="setup()[pri:0, instance:Testng.DataProvider_Program@6a192cfe]" started-at="2022-04-28T23:01:18 IST" name="setup" finished-at="2022-04-28T23:01:18 IST" duration-ms="0" status="PASS">
          <reporter-output>
          </reporter-output>
        </test-method> <!-- setup -->
        <test-method is-config="true" signature="tearDown()[pri:0, instance:Testng.DataProvider_Program@6a192cfe]" started-at="2022-04-28T23:01:25 IST" name="tearDown" finished-at="2022-04-28T23:01:25 IST" duration-ms="284" status="PASS">
          <reporter-output>
          </reporter-output>
        </test-method> <!-- tearDown -->
      </class> <!-- Testng.DataProvider_Program -->
      <class name="Testng.Enabled_False_Program">
        <test-method is-config="true" signature="beforeMethod()[pri:0, instance:Testng.Enabled_False_Program@2e005c4b]" started-at="2022-04-28T23:01:26 IST" name="beforeMethod" finished-at="2022-04-28T23:01:26 IST" duration-ms="1" status="PASS">
          <reporter-output>
          </reporter-output>
        </test-method> <!-- beforeMethod -->
        <test-method signature="b()[pri:0, instance:Testng.Enabled_False_Program@2e005c4b]" started-at="2022-04-28T23:01:26 IST" name="b" finished-at="2022-04-28T23:01:26 IST" duration-ms="1" status="PASS">
          <reporter-output>
          </reporter-output>
        </test-method> <!-- b -->
        <test-method is-config="true" signature="afterMethod()[pri:0, instance:Testng.Enabled_False_Program@2e005c4b]" started-at="2022-04-28T23:01:26 IST" name="afterMethod" finished-at="2022-04-28T23:01:26 IST" duration-ms="0" status="PASS">
          <reporter-output>
          </reporter-output>
        </test-method> <!-- afterMethod -->
        <test-method is-config="true" signature="beforeMethod()[pri:0, instance:Testng.Enabled_False_Program@2e005c4b]" started-at="2022-04-28T23:01:26 IST" name="beforeMethod" finished-at="2022-04-28T23:01:26 IST" duration-ms="6" status="PASS">
          <reporter-output>
          </reporter-output>
        </test-method> <!-- beforeMethod -->
        <test-method signature="c()[pri:0, instance:Testng.Enabled_False_Program@2e005c4b]" started-at="2022-04-28T23:01:26 IST" name="c" finished-at="2022-04-28T23:01:26 IST" duration-ms="1" status="PASS">
          <reporter-output>
          </reporter-output>
        </test-method> <!-- c -->
        <test-method is-config="true" signature="afterMethod()[pri:0, instance:Testng.Enabled_False_Program@2e005c4b]" started-at="2022-04-28T23:01:26 IST" name="afterMethod" finished-at="2022-04-28T23:01:26 IST" duration-ms="1" status="PASS">
          <reporter-output>
          </reporter-output>
        </test-method> <!-- afterMethod -->
        <test-method is-config="true" signature="beforeMethod()[pri:0, instance:Testng.Enabled_False_Program@2e005c4b]" started-at="2022-04-28T23:01:26 IST" name="beforeMethod" finished-at="2022-04-28T23:01:26 IST" duration-ms="0" status="PASS">
          <reporter-output>
          </reporter-output>
        </test-method> <!-- beforeMethod -->
        <test-method signature="e()[pri:0, instance:Testng.Enabled_False_Program@2e005c4b]" started-at="2022-04-28T23:01:26 IST" name="e" finished-at="2022-04-28T23:01:26 IST" duration-ms="1" status="PASS">
          <reporter-output>
          </reporter-output>
        </test-method> <!-- e -->
        <test-method is-config="true" signature="afterMethod()[pri:0, instance:Testng.Enabled_False_Program@2e005c4b]" started-at="2022-04-28T23:01:26 IST" name="afterMethod" finished-at="2022-04-28T23:01:26 IST" duration-ms="2" status="PASS">
          <reporter-output>
          </reporter-output>
        </test-method> <!-- afterMethod -->
      </class> <!-- Testng.Enabled_False_Program -->
      <class name="Testng.Groups_Program">
        <test-method is-config="true" signature="beforeMethod()[pri:0, instance:Testng.Groups_Program@158da8e]" started-at="2022-04-28T23:01:25 IST" name="beforeMethod" finished-at="2022-04-28T23:01:25 IST" duration-ms="1" status="PASS">
          <reporter-output>
          </reporter-output>
        </test-method> <!-- beforeMethod -->
        <test-method signature="a()[pri:0, instance:Testng.Groups_Program@158da8e]" started-at="2022-04-28T23:01:25 IST" name="a" finished-at="2022-04-28T23:01:25 IST" duration-ms="1" status="PASS">
          <reporter-output>
          </reporter-output>
        </test-method> <!-- a -->
        <test-method is-config="true" signature="afterMethod()[pri:0, instance:Testng.Groups_Program@158da8e]" started-at="2022-04-28T23:01:25 IST" name="afterMethod" finished-at="2022-04-28T23:01:25 IST" duration-ms="1" status="PASS">
          <reporter-output>
          </reporter-output>
        </test-method> <!-- afterMethod -->
        <test-method is-config="true" signature="beforeMethod()[pri:0, instance:Testng.Groups_Program@158da8e]" started-at="2022-04-28T23:01:26 IST" name="beforeMethod" finished-at="2022-04-28T23:01:26 IST" duration-ms="0" status="PASS">
          <reporter-output>
          </reporter-output>
        </test-method> <!-- beforeMethod -->
        <test-method signature="b()[pri:0, instance:Testng.Groups_Program@158da8e]" started-at="2022-04-28T23:01:26 IST" name="b" finished-at="2022-04-28T23:01:26 IST" duration-ms="1" status="PASS">
          <reporter-output>
          </reporter-output>
        </test-method> <!-- b -->
        <test-method is-config="true" signature="afterMethod()[pri:0, instance:Testng.Groups_Program@158da8e]" started-at="2022-04-28T23:01:26 IST" name="afterMethod" finished-at="2022-04-28T23:01:26 IST" duration-ms="1" status="PASS">
          <reporter-output>
          </reporter-output>
        </test-method> <!-- afterMethod -->
        <test-method signature="c()[pri:0, instance:Testng.Groups_Program@158da8e]" started-at="2022-04-28T23:01:26 IST" name="c" finished-at="2022-04-28T23:01:26 IST" duration-ms="1" status="PASS">
          <reporter-output>
          </reporter-output>
        </test-method> <!-- c -->
        <test-method is-config="true" signature="beforeMethod()[pri:0, instance:Testng.Groups_Program@158da8e]" started-at="2022-04-28T23:01:26 IST" name="beforeMethod" finished-at="2022-04-28T23:01:26 IST" duration-ms="0" status="PASS">
          <reporter-output>
          </reporter-output>
        </test-method> <!-- beforeMethod -->
        <test-method is-config="true" signature="afterMethod()[pri:0, instance:Testng.Groups_Program@158da8e]" started-at="2022-04-28T23:01:26 IST" name="afterMethod" finished-at="2022-04-28T23:01:26 IST" duration-ms="0" status="PASS">
          <reporter-output>
          </reporter-output>
        </test-method> <!-- afterMethod -->
        <test-method signature="d()[pri:0, instance:Testng.Groups_Program@158da8e]" started-at="2022-04-28T23:01:26 IST" name="d" finished-at="2022-04-28T23:01:26 IST" duration-ms="1" status="PASS">
          <reporter-output>
          </reporter-output>
        </test-method> <!-- d -->
        <test-method is-config="true" signature="beforeMethod()[pri:0, instance:Testng.Groups_Program@158da8e]" started-at="2022-04-28T23:01:26 IST" name="beforeMethod" finished-at="2022-04-28T23:01:26 IST" duration-ms="0" status="PASS">
          <reporter-output>
          </reporter-output>
        </test-method> <!-- beforeMethod -->
        <test-method is-config="true" signature="afterMethod()[pri:0, instance:Testng.Groups_Program@158da8e]" started-at="2022-04-28T23:01:26 IST" name="afterMethod" finished-at="2022-04-28T23:01:26 IST" duration-ms="1" status="PASS">
          <reporter-output>
          </reporter-output>
        </test-method> <!-- afterMethod -->
      </class> <!-- Testng.Groups_Program -->
      <class name="Testng.Priority_program">
        <test-method is-config="true" signature="beforeMethod()[pri:0, instance:Testng.Priority_program@6aba2b86]" started-at="2022-04-28T23:01:25 IST" name="beforeMethod" finished-at="2022-04-28T23:01:25 IST" duration-ms="1" status="PASS">
          <reporter-output>
          </reporter-output>
        </test-method> <!-- beforeMethod -->
        <test-method signature="a()[pri:1, instance:Testng.Priority_program@6aba2b86]" started-at="2022-04-28T23:01:25 IST" name="a" finished-at="2022-04-28T23:01:25 IST" duration-ms="1" status="PASS">
          <reporter-output>
          </reporter-output>
        </test-method> <!-- a -->
        <test-method is-config="true" signature="afterMethod()[pri:0, instance:Testng.Priority_program@6aba2b86]" started-at="2022-04-28T23:01:25 IST" name="afterMethod" finished-at="2022-04-28T23:01:25 IST" duration-ms="1" status="PASS">
          <reporter-output>
          </reporter-output>
        </test-method> <!-- afterMethod -->
        <test-method is-config="true" signature="beforeMethod()[pri:0, instance:Testng.Priority_program@6aba2b86]" started-at="2022-04-28T23:01:25 IST" name="beforeMethod" finished-at="2022-04-28T23:01:25 IST" duration-ms="1" status="PASS">
          <reporter-output>
          </reporter-output>
        </test-method> <!-- beforeMethod -->
        <test-method signature="c()[pri:2, instance:Testng.Priority_program@6aba2b86]" started-at="2022-04-28T23:01:25 IST" name="c" finished-at="2022-04-28T23:01:25 IST" duration-ms="3" status="PASS">
          <reporter-output>
          </reporter-output>
        </test-method> <!-- c -->
        <test-method is-config="true" signature="afterMethod()[pri:0, instance:Testng.Priority_program@6aba2b86]" started-at="2022-04-28T23:01:25 IST" name="afterMethod" finished-at="2022-04-28T23:01:25 IST" duration-ms="1" status="PASS">
          <reporter-output>
          </reporter-output>
        </test-method> <!-- afterMethod -->
        <test-method is-config="true" signature="beforeMethod()[pri:0, instance:Testng.Priority_program@6aba2b86]" started-at="2022-04-28T23:01:25 IST" name="beforeMethod" finished-at="2022-04-28T23:01:25 IST" duration-ms="1" status="PASS">
          <reporter-output>
          </reporter-output>
        </test-method> <!-- beforeMethod -->
        <test-method signature="b()[pri:3, instance:Testng.Priority_program@6aba2b86]" started-at="2022-04-28T23:01:25 IST" name="b" finished-at="2022-04-28T23:01:25 IST" duration-ms="2" status="PASS">
          <reporter-output>
          </reporter-output>
        </test-method> <!-- b -->
        <test-method is-config="true" signature="afterMethod()[pri:0, instance:Testng.Priority_program@6aba2b86]" started-at="2022-04-28T23:01:25 IST" name="afterMethod" finished-at="2022-04-28T23:01:25 IST" duration-ms="1" status="PASS">
          <reporter-output>
          </reporter-output>
        </test-method> <!-- afterMethod -->
        <test-method signature="e()[pri:4, instance:Testng.Priority_program@6aba2b86]" started-at="2022-04-28T23:01:25 IST" name="e" finished-at="2022-04-28T23:01:25 IST" duration-ms="1" status="PASS">
          <reporter-output>
          </reporter-output>
        </test-method> <!-- e -->
        <test-method is-config="true" signature="beforeMethod()[pri:0, instance:Testng.Priority_program@6aba2b86]" started-at="2022-04-28T23:01:25 IST" name="beforeMethod" finished-at="2022-04-28T23:01:25 IST" duration-ms="0" status="PASS">
          <reporter-output>
          </reporter-output>
        </test-method> <!-- beforeMethod -->
        <test-method is-config="true" signature="afterMethod()[pri:0, instance:Testng.Priority_program@6aba2b86]" started-at="2022-04-28T23:01:25 IST" name="afterMethod" finished-at="2022-04-28T23:01:25 IST" duration-ms="1" status="PASS">
          <reporter-output>
          </reporter-output>
        </test-method> <!-- afterMethod -->
        <test-method is-config="true" signature="beforeMethod()[pri:0, instance:Testng.Priority_program@6aba2b86]" started-at="2022-04-28T23:01:25 IST" name="beforeMethod" finished-at="2022-04-28T23:01:25 IST" duration-ms="1" status="PASS">
          <reporter-output>
          </reporter-output>
        </test-method> <!-- beforeMethod -->
        <test-method signature="d()[pri:5, instance:Testng.Priority_program@6aba2b86]" started-at="2022-04-28T23:01:25 IST" name="d" finished-at="2022-04-28T23:01:25 IST" duration-ms="1" status="PASS">
          <reporter-output>
          </reporter-output>
        </test-method> <!-- d -->
        <test-method is-config="true" signature="afterMethod()[pri:0, instance:Testng.Priority_program@6aba2b86]" started-at="2022-04-28T23:01:25 IST" name="afterMethod" finished-at="2022-04-28T23:01:25 IST" duration-ms="0" status="PASS">
          <reporter-output>
          </reporter-output>
        </test-method> <!-- afterMethod -->
      </class> <!-- Testng.Priority_program -->
      <class name="Testng.Annotations">
        <test-method is-config="true" signature="beforeSuite()[pri:0, instance:Testng.Annotations@694abbdc]" started-at="2022-04-28T23:00:30 IST" name="beforeSuite" finished-at="2022-04-28T23:00:30 IST" duration-ms="15" status="PASS">
          <reporter-output>
          </reporter-output>
        </test-method> <!-- beforeSuite -->
        <test-method is-config="true" signature="beforeTest()[pri:0, instance:Testng.Annotations@694abbdc]" started-at="2022-04-28T23:00:30 IST" name="beforeTest" finished-at="2022-04-28T23:00:30 IST" duration-ms="1" status="PASS">
          <reporter-output>
          </reporter-output>
        </test-method> <!-- beforeTest -->
        <test-method is-config="true" signature="beforeClass()[pri:0, instance:Testng.Annotations@694abbdc]" started-at="2022-04-28T23:01:26 IST" name="beforeClass" finished-at="2022-04-28T23:01:26 IST" duration-ms="0" status="PASS">
          <reporter-output>
          </reporter-output>
        </test-method> <!-- beforeClass -->
        <test-method signature="testcase()[pri:0, instance:Testng.Annotations@694abbdc]" started-at="2022-04-28T23:01:26 IST" name="testcase" finished-at="2022-04-28T23:01:26 IST" duration-ms="2" status="PASS">
          <reporter-output>
          </reporter-output>
        </test-method> <!-- testcase -->
        <test-method is-config="true" signature="beforeMethod()[pri:0, instance:Testng.Annotations@694abbdc]" started-at="2022-04-28T23:01:26 IST" name="beforeMethod" finished-at="2022-04-28T23:01:26 IST" duration-ms="0" status="PASS">
          <reporter-output>
          </reporter-output>
        </test-method> <!-- beforeMethod -->
        <test-method is-config="true" signature="afterMethod()[pri:0, instance:Testng.Annotations@694abbdc]" started-at="2022-04-28T23:01:26 IST" name="afterMethod" finished-at="2022-04-28T23:01:26 IST" duration-ms="0" status="PASS">
          <reporter-output>
          </reporter-output>
        </test-method> <!-- afterMethod -->
        <test-method is-config="true" signature="afterClass()[pri:0, instance:Testng.Annotations@694abbdc]" started-at="2022-04-28T23:01:26 IST" name="afterClass" finished-at="2022-04-28T23:01:26 IST" duration-ms="0" status="PASS">
          <reporter-output>
          </reporter-output>
        </test-method> <!-- afterClass -->
        <test-method is-config="true" signature="afterTest()[pri:0, instance:Testng.Annotations@694abbdc]" started-at="2022-04-28T23:01:26 IST" name="afterTest" finished-at="2022-04-28T23:01:26 IST" duration-ms="1" status="PASS">
          <reporter-output>
          </reporter-output>
        </test-method> <!-- afterTest -->
        <test-method is-config="true" signature="afterSuite()[pri:0, instance:Testng.Annotations@694abbdc]" started-at="2022-04-28T23:01:26 IST" name="afterSuite" finished-at="2022-04-28T23:01:26 IST" duration-ms="1" status="PASS">
          <reporter-output>
          </reporter-output>
        </test-method> <!-- afterSuite -->
      </class> <!-- Testng.Annotations -->
      <class name="Testng.DependsOn_Program">
        <test-method signature="b()[pri:0, instance:Testng.DependsOn_Program@74e52303]" started-at="2022-04-28T23:01:26 IST" name="b" finished-at="2022-04-28T23:01:26 IST" duration-ms="1" status="PASS">
          <reporter-output>
          </reporter-output>
        </test-method> <!-- b -->
        <test-method is-config="true" signature="beforeMethod()[pri:0, instance:Testng.DependsOn_Program@74e52303]" started-at="2022-04-28T23:01:26 IST" name="beforeMethod" finished-at="2022-04-28T23:01:26 IST" duration-ms="0" status="PASS">
          <reporter-output>
          </reporter-output>
        </test-method> <!-- beforeMethod -->
        <test-method is-config="true" signature="afterMethod()[pri:0, instance:Testng.DependsOn_Program@74e52303]" started-at="2022-04-28T23:01:26 IST" name="afterMethod" finished-at="2022-04-28T23:01:26 IST" duration-ms="0" status="PASS">
          <reporter-output>
          </reporter-output>
        </test-method> <!-- afterMethod -->
        <test-method signature="c()[pri:0, instance:Testng.DependsOn_Program@74e52303]" started-at="2022-04-28T23:01:26 IST" name="c" finished-at="2022-04-28T23:01:26 IST" duration-ms="3" status="PASS">
          <reporter-output>
          </reporter-output>
        </test-method> <!-- c -->
        <test-method is-config="true" signature="beforeMethod()[pri:0, instance:Testng.DependsOn_Program@74e52303]" started-at="2022-04-28T23:01:26 IST" name="beforeMethod" finished-at="2022-04-28T23:01:26 IST" duration-ms="0" status="PASS">
          <reporter-output>
          </reporter-output>
        </test-method> <!-- beforeMethod -->
        <test-method is-config="true" signature="afterMethod()[pri:0, instance:Testng.DependsOn_Program@74e52303]" started-at="2022-04-28T23:01:26 IST" name="afterMethod" finished-at="2022-04-28T23:01:26 IST" duration-ms="0" status="PASS">
          <reporter-output>
          </reporter-output>
        </test-method> <!-- afterMethod -->
        <test-method is-config="true" signature="beforeMethod()[pri:0, instance:Testng.DependsOn_Program@74e52303]" started-at="2022-04-28T23:01:26 IST" name="beforeMethod" finished-at="2022-04-28T23:01:26 IST" duration-ms="1" status="PASS">
          <reporter-output>
          </reporter-output>
        </test-method> <!-- beforeMethod -->
        <test-method signature="e()[pri:0, instance:Testng.DependsOn_Program@74e52303]" started-at="2022-04-28T23:01:26 IST" name="e" finished-at="2022-04-28T23:01:26 IST" duration-ms="1" status="PASS">
          <reporter-output>
          </reporter-output>
        </test-method> <!-- e -->
        <test-method is-config="true" signature="afterMethod()[pri:0, instance:Testng.DependsOn_Program@74e52303]" started-at="2022-04-28T23:01:26 IST" name="afterMethod" finished-at="2022-04-28T23:01:26 IST" duration-ms="0" status="PASS">
          <reporter-output>
          </reporter-output>
        </test-method> <!-- afterMethod -->
      </class> <!-- Testng.DependsOn_Program -->
    </test> <!-- Test -->
  </suite> <!-- Suite -->
</testng-results>
