<?xml version="1.0" encoding="UTF-8"?>
<!-- Generated by org.testng.reporters.JUnitXMLReporter -->
<testsuite ignored="1" hostname="DESKTOP-8GGN59N" failures="0" tests="3" name="Default test" time="0.08" errors="0" timestamp="2022-04-28T22:39:04 IST">
  <testcase classname="Enable_False_program" name="b" time="0.008"/>
  <testcase classname="Enable_False_program" name="c" time="0.003"/>
  <testcase classname="Enable_False_program" name="e" time="0.002"/>
  <testcase classname="Enable_False_program" name="a" time="0.0">
    <ignored/>
  </testcase> <!-- a -->
</testsuite> <!-- Default test -->
