<?xml version="1.0" encoding="UTF-8"?>
<!-- Generated by org.testng.reporters.JUnitXMLReporter -->
<testsuite ignored="2" hostname="DESKTOP-8GGN59N" failures="0" tests="23" name="Test" time="55.297" errors="0" timestamp="2022-04-28T23:01:26 IST">
  <testcase classname="Testng.DataProvider_Program" name="testSearchCountry" time="9.661"/>
  <testcase classname="Testng.DataProvider_Program" name="testSearchCountry" time="7.124"/>
  <testcase classname="Testng.DataProvider_Program" name="testSearchCountry" time="7.255"/>
  <testcase classname="Testng.DataProvider_Program" name="testSearchCountry" time="6.851"/>
  <testcase classname="Testng.DataProvider_Program" name="testSearchCountry" time="7.109"/>
  <testcase classname="Testng.DataProvider_Program" name="testSearchCountry" time="7.902"/>
  <testcase classname="Testng.DataProvider_Program" name="testSearchCountry" time="7.352"/>
  <testcase classname="Testng.Priority_program" name="a" time="0.001"/>
  <testcase classname="Testng.Priority_program" name="c" time="0.003"/>
  <testcase classname="Testng.Priority_program" name="b" time="0.002"/>
  <testcase classname="Testng.Priority_program" name="e" time="0.001"/>
  <testcase classname="Testng.Priority_program" name="d" time="0.001"/>
  <testcase classname="Testng.Groups_Program" name="a" time="0.001"/>
  <testcase classname="Testng.Groups_Program" name="b" time="0.001"/>
  <testcase classname="Testng.Groups_Program" name="c" time="0.001"/>
  <testcase classname="Testng.Groups_Program" name="d" time="0.001"/>
  <testcase classname="Testng.DependsOn_Program" name="b" time="0.001"/>
  <testcase classname="Testng.DependsOn_Program" name="c" time="0.003"/>
  <testcase classname="Testng.DependsOn_Program" name="e" time="0.001"/>
  <testcase classname="Testng.Annotations" name="testcase" time="0.002"/>
  <testcase classname="Testng.Enabled_False_Program" name="b" time="0.001"/>
  <testcase classname="Testng.Enabled_False_Program" name="c" time="0.001"/>
  <testcase classname="Testng.Enabled_False_Program" name="e" time="0.001"/>
  <testcase classname="Testng.Enabled_False_Program" name="a" time="0.0">
    <ignored/>
  </testcase> <!-- a -->
  <testcase classname="Testng.DependsOn_Program" name="a" time="0.0">
    <ignored/>
  </testcase> <!-- a -->
</testsuite> <!-- Test -->
